mode: set
API/handlers/requests.go:10.48,13.16 2 0
API/handlers/requests.go:13.16,15.3 1 0
API/handlers/requests.go:17.2,20.42 2 0
API/handlers/requests.go:20.42,22.3 1 0
API/handlers/requests.go:25.2,26.16 2 0
API/handlers/requests.go:26.16,28.3 1 0
API/handlers/requests.go:30.2,30.18 1 0
API/handlers/requests.go:33.74,35.16 2 1
API/handlers/requests.go:35.16,37.3 1 1
API/handlers/requests.go:38.2,38.21 1 1
API/handlers/requests.go:38.21,41.17 2 1
API/handlers/requests.go:41.17,43.4 1 1
API/handlers/requests.go:45.2,45.12 1 1
API/handlers/requests.go:49.84,52.27 1 0
API/handlers/requests.go:52.27,55.17 2 0
API/handlers/requests.go:55.17,57.4 1 0
API/handlers/requests.go:58.3,59.17 2 0
API/handlers/requests.go:59.17,61.4 1 0
API/handlers/requests.go:64.2,64.12 1 0
API/handlers/requests.go:67.84,69.29 1 0
API/handlers/requests.go:69.29,72.17 2 0
API/handlers/requests.go:72.17,74.4 1 0
API/handlers/requests.go:76.3,76.18 1 0
API/handlers/requests.go:76.18,78.18 2 0
API/handlers/requests.go:78.18,80.5 1 0
API/handlers/requests.go:81.4,82.18 2 0
API/handlers/requests.go:82.18,84.5 1 0
API/handlers/requests.go:87.2,87.12 1 0
